<?xml version="1.0" encoding="UTF-8"?>
<coverage generated="1678745666536" clover="3.2.0">
  <project timestamp="1678745666536" name="All files">
    <metrics statements="29" coveredstatements="29" conditionals="0" coveredconditionals="0" methods="17" coveredmethods="17" elements="46" coveredelements="46" complexity="0" loc="29" ncloc="29" packages="1" files="5" classes="5"/>
    <file name="archivo.ts" path="C:\Users\andre\Documents\GitHub\Ing.-En-Soft.-II\prueba\src\archivo.ts">
      <metrics statements="3" coveredstatements="3" conditionals="0" coveredconditionals="0" methods="1" coveredmethods="1"/>
      <line num="2" count="1" type="stmt"/>
      <line num="4" count="1" type="stmt"/>
      <line num="11" count="5" type="stmt"/>
    </file>
    <file name="carpeta.ts" path="C:\Users\andre\Documents\GitHub\Ing.-En-Soft.-II\prueba\src\carpeta.ts">
      <metrics statements="8" coveredstatements="8" conditionals="0" coveredconditionals="0" methods="6" coveredmethods="6"/>
      <line num="2" count="1" type="stmt"/>
      <line num="4" count="1" type="stmt"/>
      <line num="14" count="17" type="stmt"/>
      <line num="15" count="17" type="stmt"/>
      <line num="20" count="19" type="stmt"/>
      <line num="25" count="4" type="stmt"/>
      <line num="30" count="12" type="stmt"/>
      <line num="35" count="1" type="stmt"/>
    </file>
    <file name="elementoBase.ts" path="C:\Users\andre\Documents\GitHub\Ing.-En-Soft.-II\prueba\src\elementoBase.ts">
      <metrics statements="11" coveredstatements="11" conditionals="0" coveredconditionals="0" methods="7" coveredmethods="7"/>
      <line num="1" count="1" type="stmt"/>
      <line num="3" count="1" type="stmt"/>
      <line num="14" count="34" type="stmt"/>
      <line num="15" count="34" type="stmt"/>
      <line num="16" count="34" type="stmt"/>
      <line num="21" count="3" type="stmt"/>
      <line num="24" count="1" type="stmt"/>
      <line num="28" count="1" type="stmt"/>
      <line num="32" count="2" type="stmt"/>
      <line num="37" count="29" type="stmt"/>
      <line num="42" count="2" type="stmt"/>
    </file>
    <file name="foto.ts" path="C:\Users\andre\Documents\GitHub\Ing.-En-Soft.-II\prueba\src\foto.ts">
      <metrics statements="3" coveredstatements="3" conditionals="0" coveredconditionals="0" methods="1" coveredmethods="1"/>
      <line num="2" count="1" type="stmt"/>
      <line num="4" count="1" type="stmt"/>
      <line num="11" count="7" type="stmt"/>
    </file>
    <file name="video.ts" path="C:\Users\andre\Documents\GitHub\Ing.-En-Soft.-II\prueba\src\video.ts">
      <metrics statements="4" coveredstatements="4" conditionals="0" coveredconditionals="0" methods="2" coveredmethods="2"/>
      <line num="2" count="1" type="stmt"/>
      <line num="4" count="1" type="stmt"/>
      <line num="11" count="5" type="stmt"/>
      <line num="16" count="5" type="stmt"/>
    </file>
  </project>
</coverage>
