<?xml version="1.0" encoding="UTF-8"?>
<coverage generated="1678668190586" clover="3.2.0">
  <project timestamp="1678668190586" name="All files">
    <metrics statements="27" coveredstatements="27" conditionals="0" coveredconditionals="0" methods="16" coveredmethods="16" elements="43" coveredelements="43" complexity="0" loc="27" ncloc="27" packages="1" files="5" classes="5"/>
    <file name="archivo.ts" path="C:\Users\andre\Documents\prueba\src\archivo.ts">
      <metrics statements="4" coveredstatements="4" conditionals="0" coveredconditionals="0" methods="2" coveredmethods="2"/>
      <line num="2" count="1" type="stmt"/>
      <line num="4" count="1" type="stmt"/>
      <line num="11" count="5" type="stmt"/>
      <line num="16" count="5" type="stmt"/>
    </file>
    <file name="carpeta.ts" path="C:\Users\andre\Documents\prueba\src\carpeta.ts">
      <metrics statements="7" coveredstatements="7" conditionals="0" coveredconditionals="0" methods="4" coveredmethods="4"/>
      <line num="2" count="1" type="stmt"/>
      <line num="4" count="1" type="stmt"/>
      <line num="14" count="16" type="stmt"/>
      <line num="15" count="16" type="stmt"/>
      <line num="20" count="18" type="stmt"/>
      <line num="25" count="4" type="stmt"/>
      <line num="30" count="12" type="stmt"/>
    </file>
    <file name="elementoBase.ts" path="C:\Users\andre\Documents\prueba\src\elementoBase.ts">
      <metrics statements="8" coveredstatements="8" conditionals="0" coveredconditionals="0" methods="6" coveredmethods="6"/>
      <line num="1" count="1" type="stmt"/>
      <line num="11" count="32" type="stmt"/>
      <line num="12" count="32" type="stmt"/>
      <line num="17" count="3" type="stmt"/>
      <line num="20" count="1" type="stmt"/>
      <line num="24" count="1" type="stmt"/>
      <line num="28" count="1" type="stmt"/>
      <line num="33" count="16" type="stmt"/>
    </file>
    <file name="foto.ts" path="C:\Users\andre\Documents\prueba\src\foto.ts">
      <metrics statements="4" coveredstatements="4" conditionals="0" coveredconditionals="0" methods="2" coveredmethods="2"/>
      <line num="2" count="1" type="stmt"/>
      <line num="4" count="1" type="stmt"/>
      <line num="11" count="6" type="stmt"/>
      <line num="16" count="6" type="stmt"/>
    </file>
    <file name="video.ts" path="C:\Users\andre\Documents\prueba\src\video.ts">
      <metrics statements="4" coveredstatements="4" conditionals="0" coveredconditionals="0" methods="2" coveredmethods="2"/>
      <line num="2" count="1" type="stmt"/>
      <line num="4" count="1" type="stmt"/>
      <line num="11" count="5" type="stmt"/>
      <line num="16" count="5" type="stmt"/>
    </file>
  </project>
</coverage>
